<?xml version="1.0" encoding="UTF-8"?>
<!-- Generated by org.testng.reporters.JUnitXMLReporter -->
<testsuite ignored="9" hostname="INBook_X1" failures="0" tests="3" name="Test" time="0.046" errors="0" timestamp="2022-10-28T13:29:09 IST">
  <testcase classname="com.actitime.testscript.ProjectModule" name="createProject" time="0.008"/>
  <testcase classname="com.actitime.testscript.CustomerModule" name="createCustomer" time="0.001"/>
  <testcase classname="com.actitime.testscript.TaskModule" name="createTask" time="0.001"/>
  <testcase classname="com.actitime.testscript.TaskModule" name="modifyTask" time="0.0">
    <ignored/>
  </testcase> <!-- modifyTask -->
  <testcase classname="com.actitime.testscript.Assertion" name="verifyTitle" time="0.0">
    <ignored/>
  </testcase> <!-- verifyTitle -->
  <testcase classname="com.actitime.testscript.demo1testng" name="testDemo" time="0.0">
    <ignored/>
  </testcase> <!-- testDemo -->
  <testcase classname="com.actitime.testscript.TaskModule" name="deleteTask" time="0.0">
    <ignored/>
  </testcase> <!-- deleteTask -->
  <testcase classname="com.actitime.testscript.ProjectModule" name="deleteProject" time="0.0">
    <ignored/>
  </testcase> <!-- deleteProject -->
  <testcase classname="com.actitime.testscript.CustomerModule" name="modifyCustomer" time="0.0">
    <ignored/>
  </testcase> <!-- modifyCustomer -->
  <testcase classname="com.actitime.testscript.Assertion" name="verifyTitle1" time="0.0">
    <ignored/>
  </testcase> <!-- verifyTitle1 -->
  <testcase classname="com.actitime.testscript.CustomerModule" name="deleteCustomer" time="0.0">
    <ignored/>
  </testcase> <!-- deleteCustomer -->
  <testcase classname="com.actitime.testscript.ProjectModule" name="modifyProject" time="0.0">
    <ignored/>
  </testcase> <!-- modifyProject -->
</testsuite> <!-- Test -->
